<?xml version="1.0" encoding="UTF-8"?>
<!-- Generated by org.testng.reporters.JUnitXMLReporter -->
<testsuite hostname="RamRaksha-PC" name="Default test" tests="3" failures="0" timestamp="13 Jan 2020 18:26:52 GMT" time="29.341" errors="0">
  <testcase name="EnterCredentials" time="9.548" classname="Test.LoginVerify"/>
  <testcase name="VerifyLogin" time="0.011" classname="Test.LoginVerify"/>
  <testcase name="verifyedirection" time="0.011" classname="Test.LoginVerify"/>
</testsuite> <!-- Default test -->
